<?xml version="1.0" encoding="UTF-8"?>
<!-- Generated by org.testng.reporters.JUnitXMLReporter -->
<testsuite hostname="hp-PC" ignored="0" name="Surefire test" tests="6" failures="0" timestamp="2020-02-22T17:41:19 IST" time="0.172" errors="0">
  <testcase name="iOSApp" time="0.015" classname="learn.AppiumTest"/>
  <testcase name="nativeAppAndroid" time="0.0" classname="learn.AppiumTest"/>
  <testcase name="deleteTwitter" time="0.0" classname="learn.RESTAPITest"/>
  <testcase name="postJira" time="0.0" classname="learn.RESTAPITest"/>
  <testcase name="browserAutomation" time="0.0" classname="learn.SeleniumTest"/>
  <testcase name="elementsUI" time="0.0" classname="learn.SeleniumTest"/>
</testsuite> <!-- Surefire test -->
